E:\Projects\ServiceStackSource\WithSourceTest\ServiceStack\tests\ServiceStack.WebHost.IntegrationTests\ServiceStack.WebHost.IntegrationTests.csproj(342,3): error MSB4019: The imported project "C:\Program Files\dotnet\sdk\2.1.402\Microsoft\VisualStudio\v15.0\WebApplications\Microsoft.WebApplication.targets" was not found. Confirm that the path in the <Import> declaration is correct, and that the file exists on disk.
E:\Projects\ServiceStackSource\WithSourceTest\ServiceStack\tests\ServiceStack.Auth.Tests\ServiceStack.Auth.Tests.csproj(152,3): error MSB4019: The imported project "E:\Projects\ServiceStackSource\WithSourceTest\WithSourceTest\.nuget\NuGet.targets" was not found. Confirm that the path in the <Import> declaration is correct, and that the file exists on disk.
E:\Projects\ServiceStackSource\WithSourceTest\ServiceStack\tests\ServiceStack.RazorHostTests\ServiceStack.RazorHostTests.csproj(206,3): error MSB4019: The imported project "C:\Program Files\dotnet\sdk\2.1.402\Microsoft\VisualStudio\v15.0\WebApplications\Microsoft.WebApplication.targets" was not found. Confirm that the path in the <Import> declaration is correct, and that the file exists on disk.
E:\Projects\ServiceStackSource\WithSourceTest\ServiceStack\tests\RazorRockstars.Console.Files\RazorRockstars.Console.Files.csproj(419,3): error MSB4019: The imported project "E:\Projects\ServiceStackSource\WithSourceTest\WithSourceTest\.nuget\NuGet.targets" was not found. Confirm that the path in the <Import> declaration is correct, and that the file exists on disk.
E:\Projects\ServiceStackSource\WithSourceTest\ServiceStack\tests\RazorRockstars.Web\RazorRockstars.Web.csproj(225,3): error MSB4019: The imported project "C:\Program Files\dotnet\sdk\2.1.402\Microsoft\VisualStudio\v15.0\WebApplications\Microsoft.WebApplication.targets" was not found. Confirm that the path in the <Import> declaration is correct, and that the file exists on disk.
E:\Projects\ServiceStackSource\WithSourceTest\ServiceStack\tests\ServiceStack.Mvc.Tests\ServiceStack.Mvc.Tests.csproj(92,3): error MSB4019: The imported project "E:\Projects\ServiceStackSource\WithSourceTest\WithSourceTest\.nuget\NuGet.targets" was not found. Confirm that the path in the <Import> declaration is correct, and that the file exists on disk.
E:\Projects\ServiceStackSource\WithSourceTest\ServiceStack\tests\ServiceStack.AuthWeb.Tests\ServiceStack.AuthWeb.Tests.csproj(243,3): error MSB4019: The imported project "C:\Program Files\dotnet\sdk\2.1.402\Microsoft\VisualStudio\v15.0\WebApplications\Microsoft.WebApplication.targets" was not found. Confirm that the path in the <Import> declaration is correct, and that the file exists on disk.
MyServices.cs(5,20): error CS0234: The type or namespace name 'Templates' does not exist in the namespace 'ServiceStack' (are you missing an assembly reference?) [E:\Projects\ServiceStackSource\WithSourceTest\WithSourceTest\WithSourceTest.ServiceInterface\WithSourceTest.ServiceInterface.csproj]
MyServices.cs(18,31): error CS0246: The type or namespace name 'Service' could not be found (are you missing a using directive or an assembly reference?) [E:\Projects\ServiceStackSource\WithSourceTest\WithSourceTest\WithSourceTest.ServiceInterface\WithSourceTest.ServiceInterface.csproj]
E:\Projects\ServiceStackSource\WithSourceTest\ServiceStack\tests\CheckWeb\CheckWeb.csproj(240,3): error MSB4019: The imported project "C:\Program Files\dotnet\sdk\2.1.402\Microsoft\VisualStudio\v15.0\WebApplications\Microsoft.WebApplication.targets" was not found. Confirm that the path in the <Import> declaration is correct, and that the file exists on disk.
E:\Projects\ServiceStackSource\WithSourceTest\ServiceStack\tests\RazorRockstars.Web.Tests\RazorRockstars.Web.Tests.csproj(103,5): error : This project references NuGet package(s) that are missing on this computer. Enable NuGet Package Restore to download them.  For more information, see http://go.microsoft.com/fwlink/?LinkID=322105. The missing file is E:\Projects\ServiceStackSource\WithSourceTest\WithSourceTest\\.nuget\NuGet.targets.
E:\Projects\ServiceStackSource\WithSourceTest\ServiceStack\tests\CheckMvc\CheckMvc.csproj(240,3): error MSB4019: The imported project "C:\Program Files\dotnet\sdk\2.1.402\Microsoft\VisualStudio\v15.0\WebApplications\Microsoft.WebApplication.targets" was not found. Confirm that the path in the <Import> declaration is correct, and that the file exists on disk.
E:\Projects\ServiceStackSource\WithSourceTest\ServiceStack\tests\ServiceStack.OpenApi.Tests\ServiceStack.OpenApi.Tests.csproj(274,3): error MSB4019: The imported project "E:\Projects\ServiceStackSource\WithSourceTest\WithSourceTest\.nuget\NuGet.targets" was not found. Confirm that the path in the <Import> declaration is correct, and that the file exists on disk.
E:\Projects\ServiceStackSource\WithSourceTest\ServiceStack\tests\ServiceStack.WebHost.IntegrationTests\ServiceStack.WebHost.IntegrationTests.csproj(342,3): error MSB4019: The imported project "C:\Program Files\dotnet\sdk\2.1.402\Microsoft\VisualStudio\v15.0\WebApplications\Microsoft.WebApplication.targets" was not found. Confirm that the path in the <Import> declaration is correct, and that the file exists on disk.
E:\Projects\ServiceStackSource\WithSourceTest\ServiceStack\tests\ServiceStack.Auth.Tests\ServiceStack.Auth.Tests.csproj(152,3): error MSB4019: The imported project "E:\Projects\ServiceStackSource\WithSourceTest\WithSourceTest\.nuget\NuGet.targets" was not found. Confirm that the path in the <Import> declaration is correct, and that the file exists on disk.
E:\Projects\ServiceStackSource\WithSourceTest\ServiceStack\tests\ServiceStack.RazorHostTests\ServiceStack.RazorHostTests.csproj(206,3): error MSB4019: The imported project "C:\Program Files\dotnet\sdk\2.1.402\Microsoft\VisualStudio\v15.0\WebApplications\Microsoft.WebApplication.targets" was not found. Confirm that the path in the <Import> declaration is correct, and that the file exists on disk.
E:\Projects\ServiceStackSource\WithSourceTest\ServiceStack\tests\RazorRockstars.Console.Files\RazorRockstars.Console.Files.csproj(419,3): error MSB4019: The imported project "E:\Projects\ServiceStackSource\WithSourceTest\WithSourceTest\.nuget\NuGet.targets" was not found. Confirm that the path in the <Import> declaration is correct, and that the file exists on disk.
E:\Projects\ServiceStackSource\WithSourceTest\ServiceStack\tests\RazorRockstars.Web\RazorRockstars.Web.csproj(225,3): error MSB4019: The imported project "C:\Program Files\dotnet\sdk\2.1.402\Microsoft\VisualStudio\v15.0\WebApplications\Microsoft.WebApplication.targets" was not found. Confirm that the path in the <Import> declaration is correct, and that the file exists on disk.
E:\Projects\ServiceStackSource\WithSourceTest\ServiceStack\tests\ServiceStack.Mvc.Tests\ServiceStack.Mvc.Tests.csproj(92,3): error MSB4019: The imported project "E:\Projects\ServiceStackSource\WithSourceTest\WithSourceTest\.nuget\NuGet.targets" was not found. Confirm that the path in the <Import> declaration is correct, and that the file exists on disk.
E:\Projects\ServiceStackSource\WithSourceTest\ServiceStack\tests\ServiceStack.AuthWeb.Tests\ServiceStack.AuthWeb.Tests.csproj(243,3): error MSB4019: The imported project "C:\Program Files\dotnet\sdk\2.1.402\Microsoft\VisualStudio\v15.0\WebApplications\Microsoft.WebApplication.targets" was not found. Confirm that the path in the <Import> declaration is correct, and that the file exists on disk.
MyServices.cs(5,20): error CS0234: The type or namespace name 'Templates' does not exist in the namespace 'ServiceStack' (are you missing an assembly reference?) [E:\Projects\ServiceStackSource\WithSourceTest\WithSourceTest\WithSourceTest.ServiceInterface\WithSourceTest.ServiceInterface.csproj]
MyServices.cs(18,31): error CS0246: The type or namespace name 'Service' could not be found (are you missing a using directive or an assembly reference?) [E:\Projects\ServiceStackSource\WithSourceTest\WithSourceTest\WithSourceTest.ServiceInterface\WithSourceTest.ServiceInterface.csproj]
E:\Projects\ServiceStackSource\WithSourceTest\ServiceStack\tests\CheckWeb\CheckWeb.csproj(240,3): error MSB4019: The imported project "C:\Program Files\dotnet\sdk\2.1.402\Microsoft\VisualStudio\v15.0\WebApplications\Microsoft.WebApplication.targets" was not found. Confirm that the path in the <Import> declaration is correct, and that the file exists on disk.
E:\Projects\ServiceStackSource\WithSourceTest\ServiceStack\tests\RazorRockstars.Web.Tests\RazorRockstars.Web.Tests.csproj(103,5): error : This project references NuGet package(s) that are missing on this computer. Enable NuGet Package Restore to download them.  For more information, see http://go.microsoft.com/fwlink/?LinkID=322105. The missing file is E:\Projects\ServiceStackSource\WithSourceTest\WithSourceTest\\.nuget\NuGet.targets.
E:\Projects\ServiceStackSource\WithSourceTest\ServiceStack\tests\CheckMvc\CheckMvc.csproj(240,3): error MSB4019: The imported project "C:\Program Files\dotnet\sdk\2.1.402\Microsoft\VisualStudio\v15.0\WebApplications\Microsoft.WebApplication.targets" was not found. Confirm that the path in the <Import> declaration is correct, and that the file exists on disk.
E:\Projects\ServiceStackSource\WithSourceTest\ServiceStack\tests\ServiceStack.OpenApi.Tests\ServiceStack.OpenApi.Tests.csproj(274,3): error MSB4019: The imported project "E:\Projects\ServiceStackSource\WithSourceTest\WithSourceTest\.nuget\NuGet.targets" was not found. Confirm that the path in the <Import> declaration is correct, and that the file exists on disk.
